INFO: [VRFC 10-2263] Analyzing Verilog file "D:/SoC_lab/canny/canny.srcs/sources_1/new/Topmodule.v" into library xil_defaultlib
INFO: [VRFC 10-311] analyzing module Topmodule
INFO: [VRFC 10-2263] Analyzing Verilog file "D:/SoC_lab/canny/canny.srcs/sources_1/new/canny_doubleThreshold.v" into library xil_defaultlib
INFO: [VRFC 10-311] analyzing module canny_doubleThreshold
INFO: [VRFC 10-2263] Analyzing Verilog file "D:/SoC_lab/canny/canny.srcs/sources_1/new/canny_get_gradient.v" into library xil_defaultlib
INFO: [VRFC 10-311] analyzing module canny_get_gradient
INFO: [VRFC 10-2263] Analyzing Verilog file "D:/SoC_lab/canny/canny.srcs/sources_1/new/canny_nonLocalMaxValue.v" into library xil_defaultlib
INFO: [VRFC 10-311] analyzing module canny_nonLocalMaxValue
INFO: [VRFC 10-2263] Analyzing Verilog file "D:/SoC_lab/canny/canny.srcs/sources_1/new/cordic_pipline.v" into library xil_defaultlib
INFO: [VRFC 10-311] analyzing module cordic_pipline
INFO: [VRFC 10-2263] Analyzing Verilog file "D:/SoC_lab/canny/canny.srcs/sources_1/new/cordic_sqrt.v" into library xil_defaultlib
INFO: [VRFC 10-311] analyzing module cordic_sqrt
INFO: [VRFC 10-2263] Analyzing Verilog file "D:/SoC_lab/canny/canny.srcs/sources_1/new/fifo_ram.v" into library xil_defaultlib
INFO: [VRFC 10-311] analyzing module fifo_ram
INFO: [VRFC 10-2263] Analyzing Verilog file "D:/SoC_lab/canny/canny.srcs/sources_1/new/image_gaussian_filter.v" into library xil_defaultlib
INFO: [VRFC 10-311] analyzing module image_gaussian_filter
INFO: [VRFC 10-2263] Analyzing Verilog file "D:/SoC_lab/canny/canny.srcs/sources_1/new/matrix_generate_3x3.v" into library xil_defaultlib
INFO: [VRFC 10-311] analyzing module matrix_generate_3x3
INFO: [VRFC 10-2263] Analyzing Verilog file "D:/SoC_lab/canny/canny.srcs/sources_1/new/one_column_ram.v" into library xil_defaultlib
INFO: [VRFC 10-311] analyzing module one_column_ram
INFO: [VRFC 10-2263] Analyzing Verilog file "D:/SoC_lab/canny/canny.srcs/sim_1/new/tb_Topmodule.v" into library xil_defaultlib
INFO: [VRFC 10-311] analyzing module tb_Topmodule
